This file contains any messages produced by compilers while
running configure, to aid debugging if configure makes a mistake.

It was created by isync configure 1.4.4, which was
generated by GNU Autoconf 2.71.  Invocation command line was

  $ /home/yizhi.fzh/isync-1.4.4/configure

## --------- ##
## Platform. ##
## --------- ##

hostname = e18c07352.et15sqa
uname -m = x86_64
uname -r = 3.10.0-327.ali2008.alios7.x86_64
uname -s = Linux
uname -v = #1 SMP Tue Nov 29 17:56:13 CST 2016

/usr/bin/uname -p = x86_64
/bin/uname -X     = unknown

/bin/arch              = x86_64
/usr/bin/arch -k       = unknown
/usr/convex/getsysinfo = unknown
/usr/bin/hostinfo      = unknown
/bin/machine           = unknown
/usr/bin/oslevel       = unknown
/bin/universe          = unknown

PATH: /u01/yizhi/bin/xora/bin/
PATH: /home/yizhi.fzh/.local/bin/
PATH: /u01/yizhi/bin/opengauss/bin/
PATH: /u01/yizhi/bin/llvm11.1.0/usr/local/bin/
PATH: /u01/yizhi/bin/go/bin/
PATH: /home/yizhi.fzh/apache-ant-1.10.12/bin/
PATH: /u01/yizhi/bin/xora/bin/
PATH: /home/yizhi.fzh/.local/bin/
PATH: /usr/lib64/qt-3.3/bin/
PATH: /u01/yizhi/bin/llvm11.1.0/usr/local/bin/
PATH: /u01/yizhi/bin/go/bin/
PATH: /home/yizhi.fzh/apache-ant-1.10.12/bin/
PATH: /u01/yizhi/bin/xora/bin/
PATH: /home/yizhi.fzh/.local/bin/
PATH: /sbin/
PATH: /u01/yizhi/bin/llvm11.1.0/usr/local/bin/
PATH: /u01/yizhi/bin/go/bin/
PATH: /home/yizhi.fzh/apache-ant-1.10.12/bin/
PATH: /u01/yizhi/bin/xora/bin/
PATH: /home/yizhi.fzh/.local/bin/
PATH: /usr/local/bin/
PATH: /u01/yizhi/bin/llvm11.1.0/usr/local/bin/
PATH: /u01/yizhi/bin/go/bin/
PATH: /home/yizhi.fzh/apache-ant-1.10.12/bin/
PATH: /u01/yizhi/bin/xora/bin/
PATH: /home/yizhi.fzh/.local/bin/
PATH: /usr/bin/
PATH: /u01/yizhi/bin/llvm11.1.0/usr/local/bin/
PATH: /u01/yizhi/bin/go/bin/
PATH: /home/yizhi.fzh/apache-ant-1.10.12/bin/
PATH: /u01/yizhi/bin/xora/bin/
PATH: /home/yizhi.fzh/.local/bin/
PATH: /usr/local/sbin/
PATH: /u01/yizhi/bin/llvm11.1.0/usr/local/bin/
PATH: /u01/yizhi/bin/go/bin/
PATH: /home/yizhi.fzh/apache-ant-1.10.12/bin/
PATH: /u01/yizhi/bin/xora/bin/
PATH: /home/yizhi.fzh/.local/bin/
PATH: /usr/sbin/
PATH: /u01/yizhi/bin/llvm11.1.0/usr/local/bin/
PATH: /u01/yizhi/bin/go/bin/
PATH: /home/yizhi.fzh/apache-ant-1.10.12/bin/
PATH: /u01/yizhi/bin/xora/bin/
PATH: /home/yizhi.fzh/.local/bin/
PATH: /usr/X11R6/bin/
PATH: /u01/yizhi/bin/llvm11.1.0/usr/local/bin/
PATH: /u01/yizhi/bin/go/bin/
PATH: /home/yizhi.fzh/apache-ant-1.10.12/bin/
PATH: /u01/yizhi/bin/xora/bin/
PATH: /home/yizhi.fzh/.local/bin/
PATH: /u01/mongodb_install_40/bin/
PATH: /u01/yizhi/bin/llvm11.1.0/usr/local/bin/
PATH: /u01/yizhi/bin/go/bin/
PATH: /home/yizhi.fzh/apache-ant-1.10.12/bin/
PATH: /u01/yizhi/bin/xora/bin/
PATH: /home/yizhi.fzh/.local/bin/
PATH: /home/yizhi.fzh/go/bin/
PATH: /u01/yizhi/bin/llvm11.1.0/usr/local/bin/
PATH: /u01/yizhi/bin/go/bin/
PATH: /home/yizhi.fzh/apache-ant-1.10.12/bin/
PATH: /u01/yizhi/bin/xora/bin/
PATH: /home/yizhi.fzh/.local/bin/
PATH: /u01/yizhi/github/go/bin/
PATH: /u01/yizhi/bin/llvm11.1.0/usr/local/bin/
PATH: /u01/yizhi/bin/go/bin/
PATH: /home/yizhi.fzh/apache-ant-1.10.12/bin/


## ----------- ##
## Core tests. ##
## ----------- ##

configure:2375: looking for aux files: compile missing install-sh config.guess config.sub
configure:2388:  trying ./
configure:2417:   ./compile found
configure:2417:   ./missing found
configure:2399:   ./install-sh found
configure:2417:   ./config.guess found
configure:2417:   ./config.sub found
configure:2538: checking build system type
configure:2553: result: x86_64-pc-linux-gnu
configure:2573: checking host system type
configure:2587: result: x86_64-pc-linux-gnu
configure:2607: checking target system type
configure:2621: result: x86_64-pc-linux-gnu
configure:2665: checking for a BSD-compatible install
configure:2738: result: /usr/bin/install -c
configure:2749: checking whether build environment is sane
configure:2804: result: yes
configure:2963: checking for a race-free mkdir -p
configure:3007: result: /usr/bin/mkdir -p
configure:3014: checking for gawk
configure:3035: found /usr/bin/gawk
configure:3046: result: gawk
configure:3057: checking whether make sets $(MAKE)
configure:3080: result: yes
configure:3110: checking whether make supports nested variables
configure:3128: result: yes
configure:3264: checking whether to enable maintainer-specific portions of Makefiles
configure:3274: result: yes
configure:3350: checking for gcc
configure:3371: found /usr/local/bin/gcc
configure:3382: result: gcc
configure:3735: checking for C compiler version
configure:3744: gcc --version >&5
gcc (GCC) 7.3.0
Copyright (C) 2017 Free Software Foundation, Inc.
This is free software; see the source for copying conditions.  There is NO
warranty; not even for MERCHANTABILITY or FITNESS FOR A PARTICULAR PURPOSE.

configure:3755: $? = 0
configure:3744: gcc -v >&5
Using built-in specs.
COLLECT_GCC=gcc
COLLECT_LTO_WRAPPER=/usr/local/libexec/gcc/x86_64-pc-linux-gnu/7.3.0/lto-wrapper
Target: x86_64-pc-linux-gnu
Configured with: ./configure --disable-multilib
Thread model: posix
gcc version 7.3.0 (GCC) 
configure:3755: $? = 0
configure:3744: gcc -V >&5
gcc: error: unrecognized command line option '-V'
gcc: fatal error: no input files
compilation terminated.
configure:3755: $? = 1
configure:3744: gcc -qversion >&5
gcc: error: unrecognized command line option '-qversion'; did you mean '--version'?
gcc: fatal error: no input files
compilation terminated.
configure:3755: $? = 1
configure:3744: gcc -version >&5
gcc: error: unrecognized command line option '-version'
gcc: fatal error: no input files
compilation terminated.
configure:3755: $? = 1
configure:3775: checking whether the C compiler works
configure:3797: gcc -Wno-misleading-indentation  -L/usr/local/lib64 conftest.c  >&5
configure:3801: $? = 0
configure:3851: result: yes
configure:3854: checking for C compiler default output file name
configure:3856: result: a.out
configure:3862: checking for suffix of executables
configure:3869: gcc -o conftest -Wno-misleading-indentation  -L/usr/local/lib64 conftest.c  >&5
configure:3873: $? = 0
configure:3896: result: 
configure:3918: checking whether we are cross compiling
configure:3926: gcc -o conftest -Wno-misleading-indentation  -L/usr/local/lib64 conftest.c  >&5
configure:3930: $? = 0
configure:3937: ./conftest
configure:3941: $? = 0
configure:3956: result: no
configure:3961: checking for suffix of object files
configure:3984: gcc -c -Wno-misleading-indentation  conftest.c >&5
configure:3988: $? = 0
configure:4010: result: o
configure:4014: checking whether the compiler supports GNU C
configure:4034: gcc -c -Wno-misleading-indentation  conftest.c >&5
configure:4034: $? = 0
configure:4044: result: yes
configure:4055: checking whether gcc accepts -g
configure:4076: gcc -c -g  conftest.c >&5
configure:4076: $? = 0
configure:4120: result: yes
configure:4140: checking for gcc option to enable C11 features
configure:4155: gcc  -c -Wno-misleading-indentation  conftest.c >&5
configure:4155: $? = 0
configure:4173: result: none needed
configure:4289: checking whether gcc understands -c and -o together
configure:4312: gcc -c conftest.c -o conftest2.o
configure:4315: $? = 0
configure:4312: gcc -c conftest.c -o conftest2.o
configure:4315: $? = 0
configure:4327: result: yes
configure:4347: checking whether make supports the include directive
configure:4362: make -f confmf.GNU && cat confinc.out
this is the am__doit target
configure:4365: $? = 0
configure:4384: result: yes (GNU style)
configure:4410: checking dependency style of gcc
configure:4522: result: gcc3
configure:4575: gcc -c -Wno-misleading-indentation -pipe -std=c11 -pedantic -Wall -Wextra -Wshadow -Wcast-qual -Wformat=2 -Wformat-signedness -Wformat-nonliteral -Wstrict-prototypes -Wno-overlength-strings  conftest.c >&5
conftest.c: In function 'fkt':
conftest.c:17:9: warning: unused variable 'b' [-Wunused-variable]
     int b;  // declaration after code
         ^
configure:4575: $? = 0
configure:4587: checking for perl
configure:4608: found /usr/bin/perl
configure:4619: result: perl
configure:4632: checking whether perl is recent enough
configure:4646: result: yes
configure:4652: checking whether strftime supports %z
configure:4677: gcc -o conftest -Wno-misleading-indentation -pipe -std=c11 -pedantic -Wall -Wextra -Wshadow -Wcast-qual -Wformat=2 -Wformat-signedness -Wformat-nonliteral -Wstrict-prototypes -Wno-overlength-strings  -D_GNU_SOURCE -L/usr/local/lib64 conftest.c  >&5
configure:4677: $? = 0
configure:4677: ./conftest
configure:4677: $? = 0
configure:4688: result: yes
configure:4698: checking for stdio.h
configure:4698: gcc -c -Wno-misleading-indentation -pipe -std=c11 -pedantic -Wall -Wextra -Wshadow -Wcast-qual -Wformat=2 -Wformat-signedness -Wformat-nonliteral -Wstrict-prototypes -Wno-overlength-strings  -D_GNU_SOURCE conftest.c >&5
configure:4698: $? = 0
configure:4698: result: yes
configure:4698: checking for stdlib.h
configure:4698: gcc -c -Wno-misleading-indentation -pipe -std=c11 -pedantic -Wall -Wextra -Wshadow -Wcast-qual -Wformat=2 -Wformat-signedness -Wformat-nonliteral -Wstrict-prototypes -Wno-overlength-strings  -D_GNU_SOURCE conftest.c >&5
configure:4698: $? = 0
configure:4698: result: yes
configure:4698: checking for string.h
configure:4698: gcc -c -Wno-misleading-indentation -pipe -std=c11 -pedantic -Wall -Wextra -Wshadow -Wcast-qual -Wformat=2 -Wformat-signedness -Wformat-nonliteral -Wstrict-prototypes -Wno-overlength-strings  -D_GNU_SOURCE conftest.c >&5
configure:4698: $? = 0
configure:4698: result: yes
configure:4698: checking for inttypes.h
configure:4698: gcc -c -Wno-misleading-indentation -pipe -std=c11 -pedantic -Wall -Wextra -Wshadow -Wcast-qual -Wformat=2 -Wformat-signedness -Wformat-nonliteral -Wstrict-prototypes -Wno-overlength-strings  -D_GNU_SOURCE conftest.c >&5
configure:4698: $? = 0
configure:4698: result: yes
configure:4698: checking for stdint.h
configure:4698: gcc -c -Wno-misleading-indentation -pipe -std=c11 -pedantic -Wall -Wextra -Wshadow -Wcast-qual -Wformat=2 -Wformat-signedness -Wformat-nonliteral -Wstrict-prototypes -Wno-overlength-strings  -D_GNU_SOURCE conftest.c >&5
configure:4698: $? = 0
configure:4698: result: yes
configure:4698: checking for strings.h
configure:4698: gcc -c -Wno-misleading-indentation -pipe -std=c11 -pedantic -Wall -Wextra -Wshadow -Wcast-qual -Wformat=2 -Wformat-signedness -Wformat-nonliteral -Wstrict-prototypes -Wno-overlength-strings  -D_GNU_SOURCE conftest.c >&5
configure:4698: $? = 0
configure:4698: result: yes
configure:4698: checking for sys/stat.h
configure:4698: gcc -c -Wno-misleading-indentation -pipe -std=c11 -pedantic -Wall -Wextra -Wshadow -Wcast-qual -Wformat=2 -Wformat-signedness -Wformat-nonliteral -Wstrict-prototypes -Wno-overlength-strings  -D_GNU_SOURCE conftest.c >&5
configure:4698: $? = 0
configure:4698: result: yes
configure:4698: checking for sys/types.h
configure:4698: gcc -c -Wno-misleading-indentation -pipe -std=c11 -pedantic -Wall -Wextra -Wshadow -Wcast-qual -Wformat=2 -Wformat-signedness -Wformat-nonliteral -Wstrict-prototypes -Wno-overlength-strings  -D_GNU_SOURCE conftest.c >&5
configure:4698: $? = 0
configure:4698: result: yes
configure:4698: checking for unistd.h
configure:4698: gcc -c -Wno-misleading-indentation -pipe -std=c11 -pedantic -Wall -Wextra -Wshadow -Wcast-qual -Wformat=2 -Wformat-signedness -Wformat-nonliteral -Wstrict-prototypes -Wno-overlength-strings  -D_GNU_SOURCE conftest.c >&5
configure:4698: $? = 0
configure:4698: result: yes
configure:4723: checking for poll.h
configure:4723: gcc -c -Wno-misleading-indentation -pipe -std=c11 -pedantic -Wall -Wextra -Wshadow -Wcast-qual -Wformat=2 -Wformat-signedness -Wformat-nonliteral -Wstrict-prototypes -Wno-overlength-strings  -D_GNU_SOURCE conftest.c >&5
configure:4723: $? = 0
configure:4723: result: yes
configure:4729: checking for sys/select.h
configure:4729: gcc -c -Wno-misleading-indentation -pipe -std=c11 -pedantic -Wall -Wextra -Wshadow -Wcast-qual -Wformat=2 -Wformat-signedness -Wformat-nonliteral -Wstrict-prototypes -Wno-overlength-strings  -D_GNU_SOURCE conftest.c >&5
configure:4729: $? = 0
configure:4729: result: yes
configure:4736: checking for vasprintf
configure:4736: gcc -o conftest -Wno-misleading-indentation -pipe -std=c11 -pedantic -Wall -Wextra -Wshadow -Wcast-qual -Wformat=2 -Wformat-signedness -Wformat-nonliteral -Wstrict-prototypes -Wno-overlength-strings  -D_GNU_SOURCE -L/usr/local/lib64 conftest.c  >&5
conftest.c:39:1: warning: function declaration isn't a prototype [-Wstrict-prototypes]
 char vasprintf ();
 ^~~~
configure:4736: $? = 0
configure:4736: result: yes
configure:4742: checking for strnlen
configure:4742: gcc -o conftest -Wno-misleading-indentation -pipe -std=c11 -pedantic -Wall -Wextra -Wshadow -Wcast-qual -Wformat=2 -Wformat-signedness -Wformat-nonliteral -Wstrict-prototypes -Wno-overlength-strings  -D_GNU_SOURCE -L/usr/local/lib64 conftest.c  >&5
conftest.c:40:1: warning: function declaration isn't a prototype [-Wstrict-prototypes]
 char strnlen ();
 ^~~~
configure:4742: $? = 0
configure:4742: result: yes
configure:4748: checking for memrchr
configure:4748: gcc -o conftest -Wno-misleading-indentation -pipe -std=c11 -pedantic -Wall -Wextra -Wshadow -Wcast-qual -Wformat=2 -Wformat-signedness -Wformat-nonliteral -Wstrict-prototypes -Wno-overlength-strings  -D_GNU_SOURCE -L/usr/local/lib64 conftest.c  >&5
conftest.c:41:1: warning: function declaration isn't a prototype [-Wstrict-prototypes]
 char memrchr ();
 ^~~~
configure:4748: $? = 0
configure:4748: result: yes
configure:4754: checking for timegm
configure:4754: gcc -o conftest -Wno-misleading-indentation -pipe -std=c11 -pedantic -Wall -Wextra -Wshadow -Wcast-qual -Wformat=2 -Wformat-signedness -Wformat-nonliteral -Wstrict-prototypes -Wno-overlength-strings  -D_GNU_SOURCE -L/usr/local/lib64 conftest.c  >&5
conftest.c:42:1: warning: function declaration isn't a prototype [-Wstrict-prototypes]
 char timegm ();
 ^~~~
configure:4754: $? = 0
configure:4754: result: yes
configure:4762: checking for socket in -lsocket
configure:4785: gcc -o conftest -Wno-misleading-indentation -pipe -std=c11 -pedantic -Wall -Wextra -Wshadow -Wcast-qual -Wformat=2 -Wformat-signedness -Wformat-nonliteral -Wstrict-prototypes -Wno-overlength-strings  -D_GNU_SOURCE -L/usr/local/lib64 conftest.c -lsocket   >&5
conftest.c:31:1: warning: function declaration isn't a prototype [-Wstrict-prototypes]
 char socket ();
 ^~~~
/usr/bin/ld: cannot find -lsocket
collect2: error: ld returned 1 exit status
configure:4785: $? = 1
configure: failed program was:
| /* confdefs.h */
| #define PACKAGE_NAME "isync"
| #define PACKAGE_TARNAME "isync"
| #define PACKAGE_VERSION "1.4.4"
| #define PACKAGE_STRING "isync 1.4.4"
| #define PACKAGE_BUGREPORT ""
| #define PACKAGE_URL ""
| #define PACKAGE "isync"
| #define VERSION "1.4.4"
| #define HAVE_STDIO_H 1
| #define HAVE_STDLIB_H 1
| #define HAVE_STRING_H 1
| #define HAVE_INTTYPES_H 1
| #define HAVE_STDINT_H 1
| #define HAVE_STRINGS_H 1
| #define HAVE_SYS_STAT_H 1
| #define HAVE_SYS_TYPES_H 1
| #define HAVE_UNISTD_H 1
| #define STDC_HEADERS 1
| #define HAVE_POLL_H 1
| #define HAVE_SYS_SELECT_H 1
| #define HAVE_VASPRINTF 1
| #define HAVE_STRNLEN 1
| #define HAVE_MEMRCHR 1
| #define HAVE_TIMEGM 1
| /* end confdefs.h.  */
| 
| /* Override any GCC internal prototype to avoid an error.
|    Use char because int might match the return type of a GCC
|    builtin and then its argument prototype would still apply.  */
| char socket ();
| int
| main (void)
| {
| return socket ();
|   ;
|   return 0;
| }
configure:4795: result: no
configure:4802: checking for inet_ntoa in -lnsl
configure:4825: gcc -o conftest -Wno-misleading-indentation -pipe -std=c11 -pedantic -Wall -Wextra -Wshadow -Wcast-qual -Wformat=2 -Wformat-signedness -Wformat-nonliteral -Wstrict-prototypes -Wno-overlength-strings  -D_GNU_SOURCE -L/usr/local/lib64 conftest.c -lnsl   >&5
conftest.c:31:1: warning: function declaration isn't a prototype [-Wstrict-prototypes]
 char inet_ntoa ();
 ^~~~
configure:4825: $? = 0
configure:4835: result: yes
configure:4851: checking for getaddrinfo
configure:4851: gcc -o conftest -Wno-misleading-indentation -pipe -std=c11 -pedantic -Wall -Wextra -Wshadow -Wcast-qual -Wformat=2 -Wformat-signedness -Wformat-nonliteral -Wstrict-prototypes -Wno-overlength-strings  -D_GNU_SOURCE -L/usr/local/lib64 conftest.c   -lnsl >&5
conftest.c:43:1: warning: function declaration isn't a prototype [-Wstrict-prototypes]
 char getaddrinfo ();
 ^~~~
configure:4851: $? = 0
configure:4851: result: yes
configure:4851: checking for inet_ntop
configure:4851: gcc -o conftest -Wno-misleading-indentation -pipe -std=c11 -pedantic -Wall -Wextra -Wshadow -Wcast-qual -Wformat=2 -Wformat-signedness -Wformat-nonliteral -Wstrict-prototypes -Wno-overlength-strings  -D_GNU_SOURCE -L/usr/local/lib64 conftest.c   -lnsl >&5
conftest.c:44:1: warning: function declaration isn't a prototype [-Wstrict-prototypes]
 char inet_ntop ();
 ^~~~
configure:4851: $? = 0
configure:4851: result: yes
configure:4940: checking for pkg-config
configure:4963: found /usr/bin/pkg-config
configure:4975: result: /usr/bin/pkg-config
configure:5000: checking pkg-config is at least version 0.9.0
configure:5003: result: yes
configure:5012: checking OpenSSL presence with pkg-config
configure:5019: result: found
configure:5160: checking for openssl/ssl.h
configure:5160: gcc -c -Wno-misleading-indentation -pipe -std=c11 -pedantic -Wall -Wextra -Wshadow -Wcast-qual -Wformat=2 -Wformat-signedness -Wformat-nonliteral -Wstrict-prototypes -Wno-overlength-strings  -D_GNU_SOURCE   conftest.c >&5
configure:5160: $? = 0
configure:5160: result: yes
configure:5204: checking for sasl_client_init in -lsasl2
configure:5227: gcc -o conftest -Wno-misleading-indentation -pipe -std=c11 -pedantic -Wall -Wextra -Wshadow -Wcast-qual -Wformat=2 -Wformat-signedness -Wformat-nonliteral -Wstrict-prototypes -Wno-overlength-strings  -D_GNU_SOURCE   -L/usr/local/lib64    conftest.c -lsasl2   >&5
conftest.c:35:1: warning: function declaration isn't a prototype [-Wstrict-prototypes]
 char sasl_client_init ();
 ^~~~
configure:5227: $? = 0
configure:5237: result: yes
configure:5249: checking for sasl/sasl.h
configure:5249: gcc -c -Wno-misleading-indentation -pipe -std=c11 -pedantic -Wall -Wextra -Wshadow -Wcast-qual -Wformat=2 -Wformat-signedness -Wformat-nonliteral -Wstrict-prototypes -Wno-overlength-strings  -D_GNU_SOURCE    conftest.c >&5
configure:5249: $? = 0
configure:5249: result: yes
configure:5273: checking for Berkeley DB >= 4.1
configure:5297: gcc -o conftest -Wno-misleading-indentation -pipe -std=c11 -pedantic -Wall -Wextra -Wshadow -Wcast-qual -Wformat=2 -Wformat-signedness -Wformat-nonliteral -Wstrict-prototypes -Wno-overlength-strings  -D_GNU_SOURCE    -L/usr/local/lib64    conftest.c  -ldb >&5
configure:5297: $? = 0
configure:5306: result: yes
configure:5325: checking for deflate in -lz
configure:5348: gcc -o conftest -Wno-misleading-indentation -pipe -std=c11 -pedantic -Wall -Wextra -Wshadow -Wcast-qual -Wformat=2 -Wformat-signedness -Wformat-nonliteral -Wstrict-prototypes -Wno-overlength-strings  -D_GNU_SOURCE    -L/usr/local/lib64    conftest.c -lz   >&5
conftest.c:37:1: warning: function declaration isn't a prototype [-Wstrict-prototypes]
 char deflate ();
 ^~~~
configure:5348: $? = 0
configure:5358: result: yes
configure:5362: checking for zlib.h
configure:5362: gcc -c -Wno-misleading-indentation -pipe -std=c11 -pedantic -Wall -Wextra -Wshadow -Wcast-qual -Wformat=2 -Wformat-signedness -Wformat-nonliteral -Wstrict-prototypes -Wno-overlength-strings  -D_GNU_SOURCE    conftest.c >&5
configure:5362: $? = 0
configure:5362: result: yes
configure:5529: checking that generated files are newer than configure
configure:5535: result: done
configure:5566: creating ./config.status

## ---------------------- ##
## Running config.status. ##
## ---------------------- ##

This file was extended by isync config.status 1.4.4, which was
generated by GNU Autoconf 2.71.  Invocation command line was

  CONFIG_FILES    = 
  CONFIG_HEADERS  = 
  CONFIG_LINKS    = 
  CONFIG_COMMANDS = 
  $ ./config.status 

on e18c07352.et15sqa

config.status:889: creating Makefile
config.status:889: creating src/Makefile
config.status:889: creating isync.spec
config.status:889: creating autodefs.h
config.status:1118: executing depfiles commands
config.status:1195: cd src       && sed -e '/# am--include-marker/d' Makefile         | make -f - am--depfiles
config.status:1200: $? = 0
configure:6883: result: 
configure:6886: result: Using SSL
configure:6893: result: Using SASL
configure:6900: result: Using zlib
configure:6907: result: Using Berkeley DB
configure:6922: result: 

## ---------------- ##
## Cache variables. ##
## ---------------- ##

ac_cv_berkdb4=yes
ac_cv_build=x86_64-pc-linux-gnu
ac_cv_c_compiler_gnu=yes
ac_cv_env_CC_set=set
ac_cv_env_CC_value=
ac_cv_env_CFLAGS_set=set
ac_cv_env_CFLAGS_value=-Wno-misleading-indentation
ac_cv_env_CPPFLAGS_set=
ac_cv_env_CPPFLAGS_value=
ac_cv_env_LDFLAGS_set=set
ac_cv_env_LDFLAGS_value=-L/usr/local/lib64
ac_cv_env_LIBS_set=
ac_cv_env_LIBS_value=
ac_cv_env_PKG_CONFIG_LIBDIR_set=
ac_cv_env_PKG_CONFIG_LIBDIR_value=
ac_cv_env_PKG_CONFIG_PATH_set=
ac_cv_env_PKG_CONFIG_PATH_value=
ac_cv_env_PKG_CONFIG_set=
ac_cv_env_PKG_CONFIG_value=
ac_cv_env_build_alias_set=
ac_cv_env_build_alias_value=
ac_cv_env_host_alias_set=
ac_cv_env_host_alias_value=
ac_cv_env_target_alias_set=
ac_cv_env_target_alias_value=
ac_cv_func_getaddrinfo=yes
ac_cv_func_inet_ntop=yes
ac_cv_func_memrchr=yes
ac_cv_func_strnlen=yes
ac_cv_func_timegm=yes
ac_cv_func_vasprintf=yes
ac_cv_header_inttypes_h=yes
ac_cv_header_openssl_ssl_h=yes
ac_cv_header_poll_h=yes
ac_cv_header_sasl_sasl_h=yes
ac_cv_header_stdint_h=yes
ac_cv_header_stdio_h=yes
ac_cv_header_stdlib_h=yes
ac_cv_header_string_h=yes
ac_cv_header_strings_h=yes
ac_cv_header_sys_select_h=yes
ac_cv_header_sys_stat_h=yes
ac_cv_header_sys_types_h=yes
ac_cv_header_unistd_h=yes
ac_cv_header_zlib_h=yes
ac_cv_host=x86_64-pc-linux-gnu
ac_cv_lib_nsl_inet_ntoa=yes
ac_cv_lib_sasl2_sasl_client_init=yes
ac_cv_lib_socket_socket=no
ac_cv_lib_z_deflate=yes
ac_cv_objext=o
ac_cv_path_ac_pt_PKG_CONFIG=/usr/bin/pkg-config
ac_cv_path_install='/usr/bin/install -c'
ac_cv_path_mkdir=/usr/bin/mkdir
ac_cv_prog_AWK=gawk
ac_cv_prog_PERL=perl
ac_cv_prog_ac_ct_CC=gcc
ac_cv_prog_cc_c11=
ac_cv_prog_cc_g=yes
ac_cv_prog_cc_stdc=
ac_cv_prog_make_make_set=yes
ac_cv_target=x86_64-pc-linux-gnu
am_cv_CC_dependencies_compiler_type=gcc3
am_cv_make_support_nested_variables=yes
am_cv_prog_cc_c_o=yes
ob_cv_perl_ver=yes
ob_cv_strftime_z=yes

## ----------------- ##
## Output variables. ##
## ----------------- ##

ACLOCAL='${SHELL} '\''/home/yizhi.fzh/isync-1.4.4/missing'\'' aclocal-1.16'
AMDEPBACKSLASH='\'
AMDEP_FALSE='#'
AMDEP_TRUE=''
AMTAR='$${TAR-tar}'
AM_BACKSLASH='\'
AM_DEFAULT_V='$(AM_DEFAULT_VERBOSITY)'
AM_DEFAULT_VERBOSITY='1'
AM_V='$(V)'
AUTOCONF='${SHELL} '\''/home/yizhi.fzh/isync-1.4.4/missing'\'' autoconf'
AUTOHEADER='${SHELL} '\''/home/yizhi.fzh/isync-1.4.4/missing'\'' autoheader'
AUTOMAKE='${SHELL} '\''/home/yizhi.fzh/isync-1.4.4/missing'\'' automake-1.16'
AWK='gawk'
CC='gcc'
CCDEPMODE='depmode=gcc3'
CFLAGS='-Wno-misleading-indentation -pipe -std=c11 -pedantic -Wall -Wextra -Wshadow -Wcast-qual -Wformat=2 -Wformat-signedness -Wformat-nonliteral -Wstrict-prototypes -Wno-overlength-strings'
CPPFLAGS=' -D_GNU_SOURCE   '
CSCOPE='cscope'
CTAGS='ctags'
CYGPATH_W='echo'
DB_LIBS='-ldb'
DEFS='-DHAVE_CONFIG_H'
DEPDIR='.deps'
ECHO_C=''
ECHO_N='-n'
ECHO_T=''
ETAGS='etags'
EXEEXT=''
INSTALL_DATA='${INSTALL} -m 644'
INSTALL_PROGRAM='${INSTALL}'
INSTALL_SCRIPT='${INSTALL}'
INSTALL_STRIP_PROGRAM='$(install_sh) -c -s'
KEYCHAIN_LIBS=''
LDFLAGS='-L/usr/local/lib64   '
LIBOBJS=''
LIBS=''
LTLIBOBJS=''
MAINT=''
MAINTAINER_MODE_FALSE='#'
MAINTAINER_MODE_TRUE=''
MAKEINFO='${SHELL} '\''/home/yizhi.fzh/isync-1.4.4/missing'\'' makeinfo'
MKDIR_P='/usr/bin/mkdir -p'
OBJEXT='o'
PACKAGE='isync'
PACKAGE_BUGREPORT=''
PACKAGE_NAME='isync'
PACKAGE_STRING='isync 1.4.4'
PACKAGE_TARNAME='isync'
PACKAGE_URL=''
PACKAGE_VERSION='1.4.4'
PATH_SEPARATOR=':'
PERL='perl'
PKG_CONFIG='/usr/bin/pkg-config'
PKG_CONFIG_LIBDIR=''
PKG_CONFIG_PATH=''
SASL_LIBS='-lsasl2'
SET_MAKE=''
SHELL='/bin/sh'
SOCK_LIBS=' -lnsl'
SSL_LIBS='-lssl -lcrypto  '
STRIP=''
VERSION='1.4.4'
Z_LIBS='-lz'
ac_ct_CC='gcc'
am__EXEEXT_FALSE=''
am__EXEEXT_TRUE='#'
am__fastdepCC_FALSE='#'
am__fastdepCC_TRUE=''
am__include='include'
am__isrc=''
am__leading_dot='.'
am__nodep='_no'
am__quote=''
am__tar='$${TAR-tar} chof - "$$tardir"'
am__untar='$${TAR-tar} xf -'
bindir='${exec_prefix}/bin'
build='x86_64-pc-linux-gnu'
build_alias=''
build_cpu='x86_64'
build_os='linux-gnu'
build_vendor='pc'
datadir='${datarootdir}'
datarootdir='${prefix}/share'
docdir='${datarootdir}/doc/${PACKAGE_TARNAME}'
dvidir='${docdir}'
exec_prefix='${prefix}'
host='x86_64-pc-linux-gnu'
host_alias=''
host_cpu='x86_64'
host_os='linux-gnu'
host_vendor='pc'
htmldir='${docdir}'
includedir='${prefix}/include'
infodir='${datarootdir}/info'
install_sh='${SHELL} /home/yizhi.fzh/isync-1.4.4/install-sh'
libdir='${exec_prefix}/lib'
libexecdir='${exec_prefix}/libexec'
localedir='${datarootdir}/locale'
localstatedir='${prefix}/var'
mandir='${datarootdir}/man'
mkdir_p='$(MKDIR_P)'
oldincludedir='/usr/include'
pdfdir='${docdir}'
prefix='/usr/local'
program_transform_name='s,x,x,'
psdir='${docdir}'
runstatedir='${localstatedir}/run'
sbindir='${exec_prefix}/sbin'
sharedstatedir='${prefix}/com'
sysconfdir='${prefix}/etc'
target='x86_64-pc-linux-gnu'
target_alias=''
target_cpu='x86_64'
target_os='linux-gnu'
target_vendor='pc'
with_mdconvert_FALSE='#'
with_mdconvert_TRUE=''

## ----------- ##
## confdefs.h. ##
## ----------- ##

/* confdefs.h */
#define PACKAGE_NAME "isync"
#define PACKAGE_TARNAME "isync"
#define PACKAGE_VERSION "1.4.4"
#define PACKAGE_STRING "isync 1.4.4"
#define PACKAGE_BUGREPORT ""
#define PACKAGE_URL ""
#define PACKAGE "isync"
#define VERSION "1.4.4"
#define HAVE_STDIO_H 1
#define HAVE_STDLIB_H 1
#define HAVE_STRING_H 1
#define HAVE_INTTYPES_H 1
#define HAVE_STDINT_H 1
#define HAVE_STRINGS_H 1
#define HAVE_SYS_STAT_H 1
#define HAVE_SYS_TYPES_H 1
#define HAVE_UNISTD_H 1
#define STDC_HEADERS 1
#define HAVE_POLL_H 1
#define HAVE_SYS_SELECT_H 1
#define HAVE_VASPRINTF 1
#define HAVE_STRNLEN 1
#define HAVE_MEMRCHR 1
#define HAVE_TIMEGM 1
#define HAVE_GETADDRINFO 1
#define HAVE_INET_NTOP 1
#define HAVE_IPV6 1
#define HAVE_LIBSSL 1
#define HAVE_LIBSASL 1
#define USE_DB 1
#define HAVE_LIBZ 1

configure: exit 0
